<?xml version="1.0" encoding="UTF-8"?>
<testsuite xmlns:xsi="http://www.w3.org/2001/XMLSchema-instance" xsi:noNamespaceSchemaLocation="https://maven.apache.org/surefire/maven-failsafe-plugin/xsd/failsafe-test-report.xsd" name="weinvest.modules.RunAllStories" time="48.008" tests="35" errors="1" skipped="0" failures="0">
  <properties>
[...]
</properties>
  <testcase name="BeforeStories" classname="java.lang.Object" time="0.072"/>
  <testcase name="BeforeStories" classname="java.lang.Object" time="0"/>
  <testcase name="Given User launch the application" classname="weinvest.stepdefinitions.InvestSteps" time="7.061"/>
  <testcase name="Given User launch the application" classname="weinvest.stepdefinitions.InvestSteps" time="5.668"/>
  <testcase name="Then Verify whether user can see the login button in the screen" classname="weinvest.stepdefinitions.InvestSteps" time="0.399"/>
  <testcase name="Then Verify whether user can see the login button in the screen" classname="weinvest.stepdefinitions.InvestSteps" time="0.388"/>
  <testcase name="Scenario: Verify the sucessfull page load of weinvest model portfolio․" classname="Scenario: Verify the sucessfull page load of weinvest model portfolio․" time="0.399"/>
  <testcase name="Then User clicks on Explore Investment Ideas button under All Weather Strategy section․" classname="weinvest.stepdefinitions.InvestSteps" time="0.929"/>
  <testcase name="Then User clicks on Explore Investment Ideas button under All Weather Strategy section․" classname="weinvest.stepdefinitions.InvestSteps" time="1.098"/>
  <testcase name="When Clicking Explore Investment Ideas button user should see the Customize Portfolio button in the next screen․" classname="weinvest.stepdefinitions.InvestSteps" time="1.236"/>
  <testcase name="When Clicking Explore Investment Ideas button user should see the Customize Portfolio button in the next screen․" classname="weinvest.stepdefinitions.InvestSteps" time="1.272"/>
  <testcase name="Scenario: Verify the successfull navigation of weather portfolio․" classname="Scenario: Verify the successfull navigation of weather portfolio․" time="1.238"/>
  <testcase name="Then User clicks on the Customize Portfolio button․" classname="weinvest.stepdefinitions.InvestSteps" time="2.516"/>
  <testcase name="Then User clicks on the Customize Portfolio button․" classname="weinvest.stepdefinitions.InvestSteps" time="3.203"/>
  <testcase name="Then Verify user can see the Customise button․" classname="weinvest.stepdefinitions.InvestSteps" time="0.262"/>
  <testcase name="Then Verify user can see the Customise button․" classname="weinvest.stepdefinitions.InvestSteps" time="0.23"/>
  <testcase name="Then Verify user can see the SPDR S&amp;P 500 ETF TRUST SPY US EQUITY text under US Equities section․" classname="weinvest.stepdefinitions.InvestSteps" time="0.277"/>
  <testcase name="Then Verify user can not slide the slidebar of  SPDR S&amp;P 500 ETF TRUST SPY US EQUITY" classname="weinvest.stepdefinitions.InvestSteps" time="0.283"/>
  <testcase name="Then Click the Customise button․" classname="weinvest.stepdefinitions.InvestSteps" time="1.249"/>
  <testcase name="Then Click the Customise button․" classname="weinvest.stepdefinitions.InvestSteps" time="1.393"/>
  <testcase name="Then Verify whether the Customise button text changed as Reset" classname="weinvest.stepdefinitions.InvestSteps" time="0.331"/>
  <testcase name="Then Verify whether the Customise button text changed as Reset" classname="weinvest.stepdefinitions.InvestSteps" time="0.378"/>
  <testcase name="Then Verify user can slide the slidebar of  SPDR S&amp;P 500 ETF TRUST SPY US EQUITY to 50 percentage" classname="weinvest.stepdefinitions.InvestSteps" time="3.7"/>
  <testcase name="Then Click Rebalance button․" classname="weinvest.stepdefinitions.InvestSteps" time="1.867"/>
  <testcase name="Scenario: Verify the successfull navigation of Explore Portfolio section and can customize the portfolio․" classname="Scenario: Verify the successfull navigation of Explore Portfolio section and can customize the portfolio․" time="1.868"/>
  <testcase name="Then User clicks on Invest Now button" classname="weinvest.stepdefinitions.InvestSteps" time="1.096"/>
  <testcase name="Then Verify whether the user can see the SPDR value as 50 percentage" classname="weinvest.stepdefinitions.InvestSteps" time="1.114">
    <error message="expected:&lt;[50]&gt; but was:&lt;[13.79]&gt;" type="net.serenitybdd.core.exceptions.SerenityManagedException"><![CDATA[net.serenitybdd.core.exceptions.SerenityManagedException: expected:<[50]> but was:<[13.79]>
	at weinvest.stepdefinitions.InvestSteps.thenSPDRValueAs50Percentage(InvestSteps.java:56)
]]></error>
    <system-out><![CDATA[Then User clicks on Invest Now button
]]></system-out>
  </testcase>
  <testcase name="AfterStories" classname="java.lang.Object" time="0"/>
  <testcase name="AfterStories" classname="java.lang.Object" time="0"/>
  <testcase name="Then Clicks on Add Stock Button for US Equities" classname="weinvest.stepdefinitions.AddNewStockSteps" time="0.763"/>
  <testcase name="Then Scroll down to the pop up windows and click Add stock button of BT Group plc stock" classname="weinvest.stepdefinitions.AddNewStockSteps" time="1.713"/>
  <testcase name="Then Click Done button" classname="weinvest.stepdefinitions.AddNewStockSteps" time="1.331"/>
  <testcase name="Then Verify whether new stock BT Group plc added to portfolio" classname="weinvest.stepdefinitions.AddNewStockSteps" time="0.342"/>
  <testcase name="Scenario: Verify the successfull addition of New Stock into US Equity Portfolio" classname="Scenario: Verify the successfull addition of New Stock into US Equity Portfolio" time="0.343"/>
  <testcase name="AddNewStock․story" classname="AddNewStock․story" time="0.349"/>
</testsuite>